Week1-workspace/DeskClock/build/outputs/logs/manifest-merger-debug-report.txt
-- Merging decision tree log ---
manifest
ADDED from Week1-workspace\DeskClock\AndroidManifest.xml:1:1-254:12
	package
		ADDED from Week1-workspace\DeskClock\AndroidManifest.xml:2:9-40
	android:versionName
		ADDED from Week1-workspace\DeskClock\AndroidManifest.xml:3:35-62
		INJECTED from Week1-workspace\DeskClock\AndroidManifest.xml
		INJECTED from Week1-workspace\DeskClock\AndroidManifest.xml
	android:versionCode
		ADDED from Week1-workspace\DeskClock\AndroidManifest.xml:3:9-34
		INJECTED from Week1-workspace\DeskClock\AndroidManifest.xml
		INJECTED from Week1-workspace\DeskClock\AndroidManifest.xml
	xmlns:android
		ADDED from Week1-workspace\DeskClock\AndroidManifest.xml:1:11-69
original-package
ADDED from Week1-workspace\DeskClock\AndroidManifest.xml:5:5-63
	android:name
		ADDED from Week1-workspace\DeskClock\AndroidManifest.xml:5:23-60
uses-permission#android.permission.RECEIVE_BOOT_COMPLETED
ADDED from Week1-workspace\DeskClock\AndroidManifest.xml:8:5-81
	android:name
		ADDED from Week1-workspace\DeskClock\AndroidManifest.xml:8:22-78
uses-permission#android.permission.WAKE_LOCK
ADDED from Week1-workspace\DeskClock\AndroidManifest.xml:9:5-67
	android:name
		ADDED from Week1-workspace\DeskClock\AndroidManifest.xml:9:22-65
uses-permission#android.permission.VIBRATE
ADDED from Week1-workspace\DeskClock\AndroidManifest.xml:10:5-65
	android:name
		ADDED from Week1-workspace\DeskClock\AndroidManifest.xml:10:22-63
uses-permission#android.permission.WRITE_SETTINGS
ADDED from Week1-workspace\DeskClock\AndroidManifest.xml:11:5-73
	android:name
		ADDED from Week1-workspace\DeskClock\AndroidManifest.xml:11:22-70
uses-permission#android.permission.DISABLE_KEYGUARD
ADDED from Week1-workspace\DeskClock\AndroidManifest.xml:12:5-75
	android:name
		ADDED from Week1-workspace\DeskClock\AndroidManifest.xml:12:22-72
uses-permission#android.permission.READ_PHONE_STATE
ADDED from Week1-workspace\DeskClock\AndroidManifest.xml:13:5-75
	android:name
		ADDED from Week1-workspace\DeskClock\AndroidManifest.xml:13:22-72
uses-permission#android.permission.DEVICE_POWER
ADDED from Week1-workspace\DeskClock\AndroidManifest.xml:14:5-71
	android:name
		ADDED from Week1-workspace\DeskClock\AndroidManifest.xml:14:22-68
uses-permission#android.permission.READ_EXTERNAL_STORAGE
ADDED from Week1-workspace\DeskClock\AndroidManifest.xml:15:5-80
	android:name
		ADDED from Week1-workspace\DeskClock\AndroidManifest.xml:15:22-77
uses-sdk
ADDED from Week1-workspace\DeskClock\AndroidManifest.xml:16:5-53
	android:minSdkVersion
		ADDED from Week1-workspace\DeskClock\AndroidManifest.xml:16:15-41
application
ADDED from Week1-workspace\DeskClock\AndroidManifest.xml:18:5-253:19
	android:label
		ADDED from Week1-workspace\DeskClock\AndroidManifest.xml:18:18-51
	android:icon
		ADDED from Week1-workspace\DeskClock\AndroidManifest.xml:19:18-63
provider#com.android.deskclock.AlarmProvider
ADDED from Week1-workspace\DeskClock\AndroidManifest.xml:21:9-23:44
	android:authorities
		ADDED from Week1-workspace\DeskClock\AndroidManifest.xml:22:17-60
	android:exported
		ADDED from Week1-workspace\DeskClock\AndroidManifest.xml:23:17-41
	android:name
		ADDED from Week1-workspace\DeskClock\AndroidManifest.xml:21:19-47
activity#com.android.deskclock.DeskClock
ADDED from Week1-workspace\DeskClock\AndroidManifest.xml:25:9-37:20
	android:label
		ADDED from Week1-workspace\DeskClock\AndroidManifest.xml:26:17-50
	android:launchMode
		ADDED from Week1-workspace\DeskClock\AndroidManifest.xml:29:17-48
	android:icon
		ADDED from Week1-workspace\DeskClock\AndroidManifest.xml:28:17-62
	android:theme
		ADDED from Week1-workspace\DeskClock\AndroidManifest.xml:27:17-49
	android:name
		ADDED from Week1-workspace\DeskClock\AndroidManifest.xml:25:19-43
intent-filter#android.intent.action.MAIN+android.intent.category.DEFAULT+android.intent.category.LAUNCHER
ADDED from Week1-workspace\DeskClock\AndroidManifest.xml:32:13-36:29
action#android.intent.action.MAIN
ADDED from Week1-workspace\DeskClock\AndroidManifest.xml:33:17-69
	android:name
		ADDED from Week1-workspace\DeskClock\AndroidManifest.xml:33:25-66
category#android.intent.category.DEFAULT
ADDED from Week1-workspace\DeskClock\AndroidManifest.xml:34:17-76
	android:name
		ADDED from Week1-workspace\DeskClock\AndroidManifest.xml:34:27-73
category#android.intent.category.LAUNCHER
ADDED from Week1-workspace\DeskClock\AndroidManifest.xml:35:17-77
	android:name
		ADDED from Week1-workspace\DeskClock\AndroidManifest.xml:35:27-74
activity-alias#com.android.deskclock.DockClock
ADDED from Week1-workspace\DeskClock\AndroidManifest.xml:39:9-52:26
	android:enabled
		ADDED from Week1-workspace\DeskClock\AndroidManifest.xml:45:17-62
	android:label
		ADDED from Week1-workspace\DeskClock\AndroidManifest.xml:41:17-50
	android:launchMode
		ADDED from Week1-workspace\DeskClock\AndroidManifest.xml:44:17-48
	android:targetActivity
		ADDED from Week1-workspace\DeskClock\AndroidManifest.xml:40:17-51
	android:icon
		ADDED from Week1-workspace\DeskClock\AndroidManifest.xml:43:17-62
	android:theme
		ADDED from Week1-workspace\DeskClock\AndroidManifest.xml:42:17-49
	android:name
		ADDED from Week1-workspace\DeskClock\AndroidManifest.xml:39:25-49
intent-filter#android.intent.action.MAIN+android.intent.category.DEFAULT+android.intent.category.DESK_DOCK
ADDED from Week1-workspace\DeskClock\AndroidManifest.xml:47:13-51:29
category#android.intent.category.DESK_DOCK
ADDED from Week1-workspace\DeskClock\AndroidManifest.xml:50:17-78
	android:name
		ADDED from Week1-workspace\DeskClock\AndroidManifest.xml:50:27-75
activity#com.android.deskclock.AlarmClock
ADDED from Week1-workspace\DeskClock\AndroidManifest.xml:54:9-60:43
	android:label
		ADDED from Week1-workspace\DeskClock\AndroidManifest.xml:55:17-57
	android:excludeFromRecents
		ADDED from Week1-workspace\DeskClock\AndroidManifest.xml:58:17-50
	android:launchMode
		ADDED from Week1-workspace\DeskClock\AndroidManifest.xml:59:17-46
	android:exported
		ADDED from Week1-workspace\DeskClock\AndroidManifest.xml:60:17-40
	android:theme
		ADDED from Week1-workspace\DeskClock\AndroidManifest.xml:56:17-55
	android:taskAffinity
		ADDED from Week1-workspace\DeskClock\AndroidManifest.xml:57:17-40
	android:name
		ADDED from Week1-workspace\DeskClock\AndroidManifest.xml:54:19-44
activity-alias#com.android.alarmclock.AlarmClock
ADDED from Week1-workspace\DeskClock\AndroidManifest.xml:62:9-64:43
	android:exported
		ADDED from Week1-workspace\DeskClock\AndroidManifest.xml:64:17-40
	android:targetActivity
		ADDED from Week1-workspace\DeskClock\AndroidManifest.xml:63:17-74
	android:name
		ADDED from Week1-workspace\DeskClock\AndroidManifest.xml:62:25-73
activity#com.android.deskclock.SettingsActivity
ADDED from Week1-workspace\DeskClock\AndroidManifest.xml:66:9-75:20
	android:label
		ADDED from Week1-workspace\DeskClock\AndroidManifest.xml:67:17-49
	android:excludeFromRecents
		ADDED from Week1-workspace\DeskClock\AndroidManifest.xml:70:17-50
	android:theme
		ADDED from Week1-workspace\DeskClock\AndroidManifest.xml:68:17-53
	android:taskAffinity
		ADDED from Week1-workspace\DeskClock\AndroidManifest.xml:69:17-40
	android:name
		ADDED from Week1-workspace\DeskClock\AndroidManifest.xml:66:19-50
intent-filter#android.intent.action.MAIN
ADDED from Week1-workspace\DeskClock\AndroidManifest.xml:72:13-74:29
activity#com.android.deskclock.worldclock.CitiesActivity
ADDED from Week1-workspace\DeskClock\AndroidManifest.xml:77:9-86:20
	android:label
		ADDED from Week1-workspace\DeskClock\AndroidManifest.xml:78:17-62
	android:excludeFromRecents
		ADDED from Week1-workspace\DeskClock\AndroidManifest.xml:81:17-50
	android:theme
		ADDED from Week1-workspace\DeskClock\AndroidManifest.xml:79:17-53
	android:taskAffinity
		ADDED from Week1-workspace\DeskClock\AndroidManifest.xml:80:17-40
	android:name
		ADDED from Week1-workspace\DeskClock\AndroidManifest.xml:77:19-60
activity#com.android.deskclock.SetAlarm
ADDED from Week1-workspace\DeskClock\AndroidManifest.xml:88:9-90:55
	android:label
		ADDED from Week1-workspace\DeskClock\AndroidManifest.xml:89:17-50
	android:theme
		ADDED from Week1-workspace\DeskClock\AndroidManifest.xml:90:17-53
	android:name
		ADDED from Week1-workspace\DeskClock\AndroidManifest.xml:88:19-42
activity#com.android.deskclock.AlarmAlert
ADDED from Week1-workspace\DeskClock\AndroidManifest.xml:92:9-97:100
	android:excludeFromRecents
		ADDED from Week1-workspace\DeskClock\AndroidManifest.xml:93:17-50
	android:launchMode
		ADDED from Week1-workspace\DeskClock\AndroidManifest.xml:95:17-52
	android:configChanges
		ADDED from Week1-workspace\DeskClock\AndroidManifest.xml:97:17-98
	android:theme
		ADDED from Week1-workspace\DeskClock\AndroidManifest.xml:94:17-58
	android:taskAffinity
		ADDED from Week1-workspace\DeskClock\AndroidManifest.xml:96:17-40
	android:name
		ADDED from Week1-workspace\DeskClock\AndroidManifest.xml:92:19-44
activity#com.android.deskclock.AlarmAlertFullScreen
ADDED from Week1-workspace\DeskClock\AndroidManifest.xml:101:9-108:100
	android:screenOrientation
		ADDED from Week1-workspace\DeskClock\AndroidManifest.xml:107:17-53
	android:excludeFromRecents
		ADDED from Week1-workspace\DeskClock\AndroidManifest.xml:102:17-50
	android:launchMode
		ADDED from Week1-workspace\DeskClock\AndroidManifest.xml:104:17-52
	android:configChanges
		ADDED from Week1-workspace\DeskClock\AndroidManifest.xml:108:17-98
	android:showOnLockScreen
		ADDED from Week1-workspace\DeskClock\AndroidManifest.xml:106:17-48
	android:theme
		ADDED from Week1-workspace\DeskClock\AndroidManifest.xml:103:17-65
	android:taskAffinity
		ADDED from Week1-workspace\DeskClock\AndroidManifest.xml:105:17-40
	android:name
		ADDED from Week1-workspace\DeskClock\AndroidManifest.xml:101:19-54
activity#com.android.deskclock.ScreensaverActivity
ADDED from Week1-workspace\DeskClock\AndroidManifest.xml:110:9-114:90
	android:excludeFromRecents
		ADDED from Week1-workspace\DeskClock\AndroidManifest.xml:111:17-50
	android:configChanges
		ADDED from Week1-workspace\DeskClock\AndroidManifest.xml:114:17-87
	android:theme
		ADDED from Week1-workspace\DeskClock\AndroidManifest.xml:113:17-64
	android:taskAffinity
		ADDED from Week1-workspace\DeskClock\AndroidManifest.xml:112:17-40
	android:name
		ADDED from Week1-workspace\DeskClock\AndroidManifest.xml:110:19-53
receiver#com.android.deskclock.AlarmReceiver
ADDED from Week1-workspace\DeskClock\AndroidManifest.xml:116:9-123:20
	android:exported
		ADDED from Week1-workspace\DeskClock\AndroidManifest.xml:117:17-41
	android:name
		ADDED from Week1-workspace\DeskClock\AndroidManifest.xml:116:19-47
intent-filter#alarm_killed+cancel_snooze+com.android.deskclock.ALARM_ALERT
ADDED from Week1-workspace\DeskClock\AndroidManifest.xml:118:13-122:29
action#com.android.deskclock.ALARM_ALERT
ADDED from Week1-workspace\DeskClock\AndroidManifest.xml:119:17-76
	android:name
		ADDED from Week1-workspace\DeskClock\AndroidManifest.xml:119:25-73
action#alarm_killed
ADDED from Week1-workspace\DeskClock\AndroidManifest.xml:120:17-55
	android:name
		ADDED from Week1-workspace\DeskClock\AndroidManifest.xml:120:25-52
action#cancel_snooze
ADDED from Week1-workspace\DeskClock\AndroidManifest.xml:121:17-56
	android:name
		ADDED from Week1-workspace\DeskClock\AndroidManifest.xml:121:25-53
activity#com.android.deskclock.HandleSetAlarm
ADDED from Week1-workspace\DeskClock\AndroidManifest.xml:125:9-133:20
	android:excludeFromRecents
		ADDED from Week1-workspace\DeskClock\AndroidManifest.xml:127:17-50
	android:permission
		ADDED from Week1-workspace\DeskClock\AndroidManifest.xml:128:17-76
	android:theme
		ADDED from Week1-workspace\DeskClock\AndroidManifest.xml:126:17-63
	android:name
		ADDED from Week1-workspace\DeskClock\AndroidManifest.xml:125:19-48
intent-filter#android.intent.action.SET_ALARM+android.intent.category.DEFAULT
ADDED from Week1-workspace\DeskClock\AndroidManifest.xml:129:13-132:29
action#android.intent.action.SET_ALARM
ADDED from Week1-workspace\DeskClock\AndroidManifest.xml:130:17-74
	android:name
		ADDED from Week1-workspace\DeskClock\AndroidManifest.xml:130:25-71
service#com.android.deskclock.AlarmKlaxon
ADDED from Week1-workspace\DeskClock\AndroidManifest.xml:141:9-147:19
	android:exported
		ADDED from Week1-workspace\DeskClock\AndroidManifest.xml:142:17-41
	android:description
		ADDED from Week1-workspace\DeskClock\AndroidManifest.xml:143:17-72
	android:name
		ADDED from Week1-workspace\DeskClock\AndroidManifest.xml:141:18-44
intent-filter#com.android.deskclock.ALARM_ALERT
ADDED from Week1-workspace\DeskClock\AndroidManifest.xml:144:13-146:29
receiver#com.android.deskclock.AlarmInitReceiver
ADDED from Week1-workspace\DeskClock\AndroidManifest.xml:149:9-156:20
	android:name
		ADDED from Week1-workspace\DeskClock\AndroidManifest.xml:149:19-51
intent-filter#android.intent.action.BOOT_COMPLETED+android.intent.action.LOCALE_CHANGED+android.intent.action.TIMEZONE_CHANGED+android.intent.action.TIME_SET
ADDED from Week1-workspace\DeskClock\AndroidManifest.xml:150:13-155:29
action#android.intent.action.BOOT_COMPLETED
ADDED from Week1-workspace\DeskClock\AndroidManifest.xml:151:17-79
	android:name
		ADDED from Week1-workspace\DeskClock\AndroidManifest.xml:151:25-76
action#android.intent.action.TIME_SET
ADDED from Week1-workspace\DeskClock\AndroidManifest.xml:152:17-73
	android:name
		ADDED from Week1-workspace\DeskClock\AndroidManifest.xml:152:25-70
action#android.intent.action.TIMEZONE_CHANGED
ADDED from Week1-workspace\DeskClock\AndroidManifest.xml:153:17-81
	android:name
		ADDED from Week1-workspace\DeskClock\AndroidManifest.xml:153:25-78
action#android.intent.action.LOCALE_CHANGED
ADDED from Week1-workspace\DeskClock\AndroidManifest.xml:154:17-79
	android:name
		ADDED from Week1-workspace\DeskClock\AndroidManifest.xml:154:25-76
receiver#com.android.alarmclock.AnalogAppWidgetProvider
ADDED from Week1-workspace\DeskClock\AndroidManifest.xml:158:9-165:20
	android:label
		ADDED from Week1-workspace\DeskClock\AndroidManifest.xml:158:81-118
	android:icon
		ADDED from Week1-workspace\DeskClock\AndroidManifest.xml:159:12-57
	android:name
		ADDED from Week1-workspace\DeskClock\AndroidManifest.xml:158:19-80
intent-filter#android.appwidget.action.APPWIDGET_UPDATE
ADDED from Week1-workspace\DeskClock\AndroidManifest.xml:160:13-162:29
action#android.appwidget.action.APPWIDGET_UPDATE
ADDED from Week1-workspace\DeskClock\AndroidManifest.xml:161:17-84
	android:name
		ADDED from Week1-workspace\DeskClock\AndroidManifest.xml:161:25-81
meta-data#android.appwidget.oldName
ADDED from Week1-workspace\DeskClock\AndroidManifest.xml:163:13-129
	android:value
		ADDED from Week1-workspace\DeskClock\AndroidManifest.xml:163:65-126
	android:name
		ADDED from Week1-workspace\DeskClock\AndroidManifest.xml:163:24-64
meta-data#android.appwidget.provider
ADDED from Week1-workspace\DeskClock\AndroidManifest.xml:164:13-109
	android:resource
		ADDED from Week1-workspace\DeskClock\AndroidManifest.xml:164:66-106
	android:name
		ADDED from Week1-workspace\DeskClock\AndroidManifest.xml:164:24-65
receiver#com.android.alarmclock.DigitalAppWidgetProvider
ADDED from Week1-workspace\DeskClock\AndroidManifest.xml:167:9-173:20
	android:label
		ADDED from Week1-workspace\DeskClock\AndroidManifest.xml:167:82-120
	android:icon
		ADDED from Week1-workspace\DeskClock\AndroidManifest.xml:168:12-57
	android:name
		ADDED from Week1-workspace\DeskClock\AndroidManifest.xml:167:19-81
service#com.android.alarmclock.DigitalAppWidgetService
ADDED from Week1-workspace\DeskClock\AndroidManifest.xml:175:9-177:41
	android:exported
		ADDED from Week1-workspace\DeskClock\AndroidManifest.xml:177:14-38
	android:permission
		ADDED from Week1-workspace\DeskClock\AndroidManifest.xml:176:14-70
	android:name
		ADDED from Week1-workspace\DeskClock\AndroidManifest.xml:175:18-79
receiver#com.android.alarmclock.DigitalWidgetViewsFactory
ADDED from Week1-workspace\DeskClock\AndroidManifest.xml:179:9-180:41
	android:exported
		ADDED from Week1-workspace\DeskClock\AndroidManifest.xml:180:14-38
	android:name
		ADDED from Week1-workspace\DeskClock\AndroidManifest.xml:179:19-82
service#com.android.deskclock.Screensaver
ADDED from Week1-workspace\DeskClock\AndroidManifest.xml:183:9-193:19
	android:label
		ADDED from Week1-workspace\DeskClock\AndroidManifest.xml:185:13-46
	android:exported
		ADDED from Week1-workspace\DeskClock\AndroidManifest.xml:184:13-36
	android:name
		ADDED from Week1-workspace\DeskClock\AndroidManifest.xml:183:18-44
intent-filter#android.intent.category.DEFAULT+android.service.dreams.DreamService
ADDED from Week1-workspace\DeskClock\AndroidManifest.xml:186:13-189:29
action#android.service.dreams.DreamService
ADDED from Week1-workspace\DeskClock\AndroidManifest.xml:187:17-78
	android:name
		ADDED from Week1-workspace\DeskClock\AndroidManifest.xml:187:25-75
meta-data#android.service.dream
ADDED from Week1-workspace\DeskClock\AndroidManifest.xml:190:13-192:54
	android:resource
		ADDED from Week1-workspace\DeskClock\AndroidManifest.xml:192:17-51
	android:name
		ADDED from Week1-workspace\DeskClock\AndroidManifest.xml:191:17-53
activity#com.android.deskclock.ScreensaverSettingsActivity
ADDED from Week1-workspace\DeskClock\AndroidManifest.xml:196:9-206:20
	android:label
		ADDED from Week1-workspace\DeskClock\AndroidManifest.xml:197:17-61
	android:excludeFromRecents
		ADDED from Week1-workspace\DeskClock\AndroidManifest.xml:200:17-50
	android:exported
		ADDED from Week1-workspace\DeskClock\AndroidManifest.xml:201:17-40
	android:theme
		ADDED from Week1-workspace\DeskClock\AndroidManifest.xml:198:17-58
	android:taskAffinity
		ADDED from Week1-workspace\DeskClock\AndroidManifest.xml:199:17-40
	android:name
		ADDED from Week1-workspace\DeskClock\AndroidManifest.xml:196:19-62
activity#com.android.deskclock.timer.TimerAlertFullScreen
ADDED from Week1-workspace\DeskClock\AndroidManifest.xml:211:9-217:100
	android:excludeFromRecents
		ADDED from Week1-workspace\DeskClock\AndroidManifest.xml:212:17-50
	android:launchMode
		ADDED from Week1-workspace\DeskClock\AndroidManifest.xml:214:17-52
	android:configChanges
		ADDED from Week1-workspace\DeskClock\AndroidManifest.xml:217:17-98
	android:showOnLockScreen
		ADDED from Week1-workspace\DeskClock\AndroidManifest.xml:215:17-48
	android:theme
		ADDED from Week1-workspace\DeskClock\AndroidManifest.xml:213:17-65
	android:taskAffinity
		ADDED from Week1-workspace\DeskClock\AndroidManifest.xml:216:17-40
	android:name
		ADDED from Week1-workspace\DeskClock\AndroidManifest.xml:211:19-82
service#com.android.deskclock.TimerRingService
ADDED from Week1-workspace\DeskClock\AndroidManifest.xml:219:9-225:19
	android:exported
		ADDED from Week1-workspace\DeskClock\AndroidManifest.xml:220:17-41
	android:description
		ADDED from Week1-workspace\DeskClock\AndroidManifest.xml:221:17-70
	android:name
		ADDED from Week1-workspace\DeskClock\AndroidManifest.xml:219:18-49
intent-filter#com.android.deskclock.TIMER_ALERT
ADDED from Week1-workspace\DeskClock\AndroidManifest.xml:222:13-224:29
action#com.android.deskclock.TIMER_ALERT
ADDED from Week1-workspace\DeskClock\AndroidManifest.xml:223:17-76
	android:name
		ADDED from Week1-workspace\DeskClock\AndroidManifest.xml:223:25-73
receiver#com.android.deskclock.timer.TimerReceiver
ADDED from Week1-workspace\DeskClock\AndroidManifest.xml:227:9-240:20
	android:exported
		ADDED from Week1-workspace\DeskClock\AndroidManifest.xml:228:17-41
	android:name
		ADDED from Week1-workspace\DeskClock\AndroidManifest.xml:227:19-75
intent-filter#delete_timer+notif_in_use_cancel+notif_in_use_show+start_timer+timer_done+timer_reset+timer_stop+timer_update+times_up
ADDED from Week1-workspace\DeskClock\AndroidManifest.xml:229:13-239:29
action#start_timer
ADDED from Week1-workspace\DeskClock\AndroidManifest.xml:230:17-54
	android:name
		ADDED from Week1-workspace\DeskClock\AndroidManifest.xml:230:25-51
action#delete_timer
ADDED from Week1-workspace\DeskClock\AndroidManifest.xml:231:17-55
	android:name
		ADDED from Week1-workspace\DeskClock\AndroidManifest.xml:231:25-52
action#times_up
ADDED from Week1-workspace\DeskClock\AndroidManifest.xml:232:17-51
	android:name
		ADDED from Week1-workspace\DeskClock\AndroidManifest.xml:232:25-48
action#timer_stop
ADDED from Week1-workspace\DeskClock\AndroidManifest.xml:233:17-53
	android:name
		ADDED from Week1-workspace\DeskClock\AndroidManifest.xml:233:25-50
action#timer_reset
ADDED from Week1-workspace\DeskClock\AndroidManifest.xml:234:17-54
	android:name
		ADDED from Week1-workspace\DeskClock\AndroidManifest.xml:234:25-51
action#timer_done
ADDED from Week1-workspace\DeskClock\AndroidManifest.xml:235:17-53
	android:name
		ADDED from Week1-workspace\DeskClock\AndroidManifest.xml:235:25-50
action#timer_update
ADDED from Week1-workspace\DeskClock\AndroidManifest.xml:236:17-55
	android:name
		ADDED from Week1-workspace\DeskClock\AndroidManifest.xml:236:25-52
action#notif_in_use_show
ADDED from Week1-workspace\DeskClock\AndroidManifest.xml:237:17-60
	android:name
		ADDED from Week1-workspace\DeskClock\AndroidManifest.xml:237:25-57
action#notif_in_use_cancel
ADDED from Week1-workspace\DeskClock\AndroidManifest.xml:238:17-62
	android:name
		ADDED from Week1-workspace\DeskClock\AndroidManifest.xml:238:25-59
service#com.android.deskclock.stopwatch.StopwatchService
ADDED from Week1-workspace\DeskClock\AndroidManifest.xml:242:9-252:19
	android:exported
		ADDED from Week1-workspace\DeskClock\AndroidManifest.xml:243:17-41
	android:description
		ADDED from Week1-workspace\DeskClock\AndroidManifest.xml:244:17-69
	android:name
		ADDED from Week1-workspace\DeskClock\AndroidManifest.xml:242:18-81
intent-filter#lap_stopwatch+reset_stopwatch+share_stopwatch+start_stopwatch+stop_stopwatch
ADDED from Week1-workspace\DeskClock\AndroidManifest.xml:245:13-251:29
action#start_stopwatch
ADDED from Week1-workspace\DeskClock\AndroidManifest.xml:246:17-58
	android:name
		ADDED from Week1-workspace\DeskClock\AndroidManifest.xml:246:25-55
action#lap_stopwatch
ADDED from Week1-workspace\DeskClock\AndroidManifest.xml:247:17-56
	android:name
		ADDED from Week1-workspace\DeskClock\AndroidManifest.xml:247:25-53
action#stop_stopwatch
ADDED from Week1-workspace\DeskClock\AndroidManifest.xml:248:17-57
	android:name
		ADDED from Week1-workspace\DeskClock\AndroidManifest.xml:248:25-54
action#reset_stopwatch
ADDED from Week1-workspace\DeskClock\AndroidManifest.xml:249:17-58
	android:name
		ADDED from Week1-workspace\DeskClock\AndroidManifest.xml:249:25-55
action#share_stopwatch
ADDED from Week1-workspace\DeskClock\AndroidManifest.xml:250:17-58
	android:name
		ADDED from Week1-workspace\DeskClock\AndroidManifest.xml:250:25-55